{
  "stats": {
    "suites": 1,
    "tests": 1,
    "passes": 1,
    "pending": 0,
    "failures": 0,
    "start": "2024-01-30T19:02:39.904Z",
    "end": "2024-01-30T19:02:45.479Z",
    "duration": 5575,
    "testsRegistered": 1,
    "passPercent": 100,
    "pendingPercent": 0,
    "other": 0,
    "hasOther": false,
    "skipped": 0,
    "hasSkipped": false
  },
  "results": [
    {
      "uuid": "81d14e1a-b73d-48d3-abab-18590a18ebc6",
      "title": "",
      "fullFile": "cypress\\e2e\\pageObjectsTest.cy.js",
      "file": "cypress\\e2e\\pageObjectsTest.cy.js",
      "beforeHooks": [],
      "afterHooks": [],
      "tests": [],
      "suites": [
        {
          "uuid": "1de4c213-699f-40d3-8bef-3b4e708b5abf",
          "title": "Create account",
          "fullFile": "",
          "file": "",
          "beforeHooks": [],
          "afterHooks": [],
          "tests": [
            {
              "title": "should create account",
              "fullTitle": "Create account should create account",
              "timedOut": null,
              "duration": 5533,
              "state": "passed",
              "speed": "medium",
              "pass": true,
              "fail": false,
              "pending": false,
              "context": null,
              "code": "let emailFaker = faker.internet.email();\nlet passFaker = faker.internet.password();\ncy.get('.icon-user-unfollow').click();\nregisterPage.create(emailFaker, passFaker);\ndashboardPage.siteTitle.should(\"be.visible\");\ndashboardPage.checkName.should(\"be.visible\");\ndashboardPage.mensage.should(\"be.visible\");",
              "err": {},
              "uuid": "4474cf23-a839-4d44-8a4d-2c1a70c7107b",
              "parentUUID": "1de4c213-699f-40d3-8bef-3b4e708b5abf",
              "isHook": false,
              "skipped": false
            }
          ],
          "suites": [],
          "passes": [
            "4474cf23-a839-4d44-8a4d-2c1a70c7107b"
          ],
          "failures": [],
          "pending": [],
          "skipped": [],
          "duration": 5533,
          "root": false,
          "rootEmpty": false,
          "_timeout": 2000
        }
      ],
      "passes": [],
      "failures": [],
      "pending": [],
      "skipped": [],
      "duration": 0,
      "root": true,
      "rootEmpty": true,
      "_timeout": 2000
    }
  ],
  "meta": {
    "mocha": {
      "version": "7.0.1"
    },
    "mochawesome": {
      "options": {
        "quiet": false,
        "reportFilename": "mochawesome",
        "saveHtml": false,
        "saveJson": true,
        "consoleReporter": "spec",
        "useInlineDiffs": false,
        "code": true
      },
      "version": "7.1.3"
    },
    "marge": {
      "options": {
        "reportDir": "mochawesome-report",
        "overwrite": false,
        "html": false,
        "json": true
      },
      "version": "6.2.0"
    }
  }
}