{
  "stats": {
    "suites": 3,
    "tests": 1,
    "passes": 1,
    "pending": 0,
    "failures": 0,
    "start": "2024-01-27T19:39:15.231Z",
    "end": "2024-01-27T19:39:21.224Z",
    "duration": 5993,
    "testsRegistered": 1,
    "passPercent": 100,
    "pendingPercent": 0,
    "other": 0,
    "hasOther": false,
    "skipped": 0,
    "hasSkipped": false
  },
  "results": [
    {
      "uuid": "7c9df72e-4b63-4683-a933-0a5620ef3752",
      "title": "",
      "fullFile": "cypress\\e2e\\bddTest.cy.js",
      "file": "cypress\\e2e\\bddTest.cy.js",
      "beforeHooks": [],
      "afterHooks": [],
      "tests": [],
      "suites": [
        {
          "uuid": "5952a66c-521a-413e-a43e-c56711c13c7a",
          "title": "Access My Account Panel",
          "fullFile": "",
          "file": "",
          "beforeHooks": [],
          "afterHooks": [],
          "tests": [],
          "suites": [
            {
              "uuid": "9ffb564d-4af0-46f7-9a61-092171d6fd29",
              "title": "Given I visit EBAC Store",
              "fullFile": "",
              "file": "",
              "beforeHooks": [],
              "afterHooks": [],
              "tests": [],
              "suites": [
                {
                  "uuid": "56f7ae40-3a2e-4749-9338-9990161abb73",
                  "title": "When I log in with user teste_aluno_cbs@teste.com and pass NYFtpQy3V7Qyg5@",
                  "fullFile": "",
                  "file": "",
                  "beforeHooks": [],
                  "afterHooks": [],
                  "tests": [
                    {
                      "title": "Then the user dashboard page should be visible",
                      "fullTitle": "Access My Account Panel Given I visit EBAC Store When I log in with user teste_aluno_cbs@teste.com and pass NYFtpQy3V7Qyg5@ Then the user dashboard page should be visible",
                      "timedOut": null,
                      "duration": 5916,
                      "state": "passed",
                      "speed": "medium",
                      "pass": true,
                      "fail": false,
                      "pending": false,
                      "context": null,
                      "code": "dashboardPage.siteTitle.should(\"be.visible\");\ndashboardPage.checkName.should(\"be.visible\");\ndashboardPage.mensage.should(\"be.visible\");",
                      "err": {},
                      "uuid": "c90c09e5-79bc-4806-ac9e-d37be9b7e4e6",
                      "parentUUID": "56f7ae40-3a2e-4749-9338-9990161abb73",
                      "isHook": false,
                      "skipped": false
                    }
                  ],
                  "suites": [],
                  "passes": [
                    "c90c09e5-79bc-4806-ac9e-d37be9b7e4e6"
                  ],
                  "failures": [],
                  "pending": [],
                  "skipped": [],
                  "duration": 5916,
                  "root": false,
                  "rootEmpty": false,
                  "_timeout": 2000
                }
              ],
              "passes": [],
              "failures": [],
              "pending": [],
              "skipped": [],
              "duration": 0,
              "root": false,
              "rootEmpty": false,
              "_timeout": 2000
            }
          ],
          "passes": [],
          "failures": [],
          "pending": [],
          "skipped": [],
          "duration": 0,
          "root": false,
          "rootEmpty": false,
          "_timeout": 2000
        }
      ],
      "passes": [],
      "failures": [],
      "pending": [],
      "skipped": [],
      "duration": 0,
      "root": true,
      "rootEmpty": true,
      "_timeout": 2000
    }
  ],
  "meta": {
    "mocha": {
      "version": "7.0.1"
    },
    "mochawesome": {
      "options": {
        "quiet": false,
        "reportFilename": "mochawesome",
        "saveHtml": true,
        "saveJson": true,
        "consoleReporter": "spec",
        "useInlineDiffs": false,
        "code": true
      },
      "version": "7.1.3"
    },
    "marge": {
      "options": {
        "reportDir": "cypress/results",
        "overwrite": false,
        "html": true,
        "json": true
      },
      "version": "6.2.0"
    }
  }
}