{
  "stats": {
    "suites": 1,
    "tests": 1,
    "passes": 1,
    "pending": 0,
    "failures": 0,
    "start": "2024-01-27T20:08:57.723Z",
    "end": "2024-01-27T20:09:03.651Z",
    "duration": 5928,
    "testsRegistered": 1,
    "passPercent": 100,
    "pendingPercent": 0,
    "other": 0,
    "hasOther": false,
    "skipped": 0,
    "hasSkipped": false
  },
  "results": [
    {
      "uuid": "5293e4c3-da77-4e7e-8dff-b4284ef1f6ee",
      "title": "",
      "fullFile": "cypress\\e2e\\pageObjectsTest.cy.js",
      "file": "cypress\\e2e\\pageObjectsTest.cy.js",
      "beforeHooks": [],
      "afterHooks": [],
      "tests": [],
      "suites": [
        {
          "uuid": "d2d23a09-b3fb-4f39-9438-2093e0111ae2",
          "title": "Create account",
          "fullFile": "",
          "file": "",
          "beforeHooks": [],
          "afterHooks": [],
          "tests": [
            {
              "title": "should create account",
              "fullTitle": "Create account should create account",
              "timedOut": null,
              "duration": 5885,
              "state": "passed",
              "speed": "medium",
              "pass": true,
              "fail": false,
              "pending": false,
              "context": null,
              "code": "let emailFaker = faker.internet.email();\nlet passFaker = faker.internet.password();\ncy.get('.icon-user-unfollow').click();\nregisterPage.create(emailFaker, passFaker);\ndashboardPage.siteTitle.should(\"be.visible\");\ndashboardPage.checkName.should(\"be.visible\");\ndashboardPage.mensage.should(\"be.visible\");",
              "err": {},
              "uuid": "33926790-adb4-4a5f-a789-161f6a264e6c",
              "parentUUID": "d2d23a09-b3fb-4f39-9438-2093e0111ae2",
              "isHook": false,
              "skipped": false
            }
          ],
          "suites": [],
          "passes": [
            "33926790-adb4-4a5f-a789-161f6a264e6c"
          ],
          "failures": [],
          "pending": [],
          "skipped": [],
          "duration": 5885,
          "root": false,
          "rootEmpty": false,
          "_timeout": 2000
        }
      ],
      "passes": [],
      "failures": [],
      "pending": [],
      "skipped": [],
      "duration": 0,
      "root": true,
      "rootEmpty": true,
      "_timeout": 2000
    }
  ],
  "meta": {
    "mocha": {
      "version": "7.0.1"
    },
    "mochawesome": {
      "options": {
        "quiet": false,
        "reportFilename": "mochawesome",
        "saveHtml": true,
        "saveJson": true,
        "consoleReporter": "spec",
        "useInlineDiffs": false,
        "code": true
      },
      "version": "7.1.3"
    },
    "marge": {
      "options": {
        "reportDir": "cypress/results",
        "overwrite": false,
        "html": true,
        "json": true
      },
      "version": "6.2.0"
    }
  }
}