{
  "stats": {
    "suites": 3,
    "tests": 1,
    "passes": 1,
    "pending": 0,
    "failures": 0,
    "start": "2024-01-27T20:08:36.979Z",
    "end": "2024-01-27T20:08:42.780Z",
    "duration": 5801,
    "testsRegistered": 1,
    "passPercent": 100,
    "pendingPercent": 0,
    "other": 0,
    "hasOther": false,
    "skipped": 0,
    "hasSkipped": false
  },
  "results": [
    {
      "uuid": "058c8d54-3a3a-4af8-acb0-d4355aa4960a",
      "title": "",
      "fullFile": "cypress\\e2e\\bddTest.cy.js",
      "file": "cypress\\e2e\\bddTest.cy.js",
      "beforeHooks": [],
      "afterHooks": [],
      "tests": [],
      "suites": [
        {
          "uuid": "c381efb9-f0e5-49b6-aae1-0f78a68284c5",
          "title": "Access My Account Panel",
          "fullFile": "",
          "file": "",
          "beforeHooks": [],
          "afterHooks": [],
          "tests": [],
          "suites": [
            {
              "uuid": "5e545c6c-cbf2-4de9-b3ee-e66ae4ac5829",
              "title": "Given I visit EBAC Store",
              "fullFile": "",
              "file": "",
              "beforeHooks": [],
              "afterHooks": [],
              "tests": [],
              "suites": [
                {
                  "uuid": "b3db64b8-848c-4025-904a-550e9fa8782a",
                  "title": "When I log in with user teste_aluno_cbs@teste.com and pass NYFtpQy3V7Qyg5@",
                  "fullFile": "",
                  "file": "",
                  "beforeHooks": [],
                  "afterHooks": [],
                  "tests": [
                    {
                      "title": "Then the user dashboard page should be visible",
                      "fullTitle": "Access My Account Panel Given I visit EBAC Store When I log in with user teste_aluno_cbs@teste.com and pass NYFtpQy3V7Qyg5@ Then the user dashboard page should be visible",
                      "timedOut": null,
                      "duration": 5719,
                      "state": "passed",
                      "speed": "medium",
                      "pass": true,
                      "fail": false,
                      "pending": false,
                      "context": null,
                      "code": "dashboardPage.siteTitle.should(\"be.visible\");\ndashboardPage.checkName.should(\"be.visible\");\ndashboardPage.mensage.should(\"be.visible\");",
                      "err": {},
                      "uuid": "8e4a5146-9b9d-475a-8152-94cf5d6e9e34",
                      "parentUUID": "b3db64b8-848c-4025-904a-550e9fa8782a",
                      "isHook": false,
                      "skipped": false
                    }
                  ],
                  "suites": [],
                  "passes": [
                    "8e4a5146-9b9d-475a-8152-94cf5d6e9e34"
                  ],
                  "failures": [],
                  "pending": [],
                  "skipped": [],
                  "duration": 5719,
                  "root": false,
                  "rootEmpty": false,
                  "_timeout": 2000
                }
              ],
              "passes": [],
              "failures": [],
              "pending": [],
              "skipped": [],
              "duration": 0,
              "root": false,
              "rootEmpty": false,
              "_timeout": 2000
            }
          ],
          "passes": [],
          "failures": [],
          "pending": [],
          "skipped": [],
          "duration": 0,
          "root": false,
          "rootEmpty": false,
          "_timeout": 2000
        }
      ],
      "passes": [],
      "failures": [],
      "pending": [],
      "skipped": [],
      "duration": 0,
      "root": true,
      "rootEmpty": true,
      "_timeout": 2000
    }
  ],
  "meta": {
    "mocha": {
      "version": "7.0.1"
    },
    "mochawesome": {
      "options": {
        "quiet": false,
        "reportFilename": "mochawesome",
        "saveHtml": true,
        "saveJson": true,
        "consoleReporter": "spec",
        "useInlineDiffs": false,
        "code": true
      },
      "version": "7.1.3"
    },
    "marge": {
      "options": {
        "reportDir": "cypress/results",
        "overwrite": false,
        "html": true,
        "json": true
      },
      "version": "6.2.0"
    }
  }
}