{
  "stats": {
    "suites": 1,
    "tests": 1,
    "passes": 1,
    "pending": 0,
    "failures": 0,
    "start": "2024-01-27T19:39:37.498Z",
    "end": "2024-01-27T19:39:43.395Z",
    "duration": 5897,
    "testsRegistered": 1,
    "passPercent": 100,
    "pendingPercent": 0,
    "other": 0,
    "hasOther": false,
    "skipped": 0,
    "hasSkipped": false
  },
  "results": [
    {
      "uuid": "d2acccd6-8bd5-4ee6-934d-2c1dfdf0b880",
      "title": "",
      "fullFile": "cypress\\e2e\\pageObjectsTest.cy.js",
      "file": "cypress\\e2e\\pageObjectsTest.cy.js",
      "beforeHooks": [],
      "afterHooks": [],
      "tests": [],
      "suites": [
        {
          "uuid": "e9da8a9b-d7f5-416b-9ab1-ed077e4cc02d",
          "title": "Create account",
          "fullFile": "",
          "file": "",
          "beforeHooks": [],
          "afterHooks": [],
          "tests": [
            {
              "title": "should create account",
              "fullTitle": "Create account should create account",
              "timedOut": null,
              "duration": 5846,
              "state": "passed",
              "speed": "medium",
              "pass": true,
              "fail": false,
              "pending": false,
              "context": null,
              "code": "let emailFaker = faker.internet.email();\nlet passFaker = faker.internet.password();\ncy.get('.icon-user-unfollow').click();\nregisterPage.create(emailFaker, passFaker);\ndashboardPage.siteTitle.should(\"be.visible\");\ndashboardPage.checkName.should(\"be.visible\");\ndashboardPage.mensage.should(\"be.visible\");",
              "err": {},
              "uuid": "7d257c99-8702-4a98-a216-962867a9116a",
              "parentUUID": "e9da8a9b-d7f5-416b-9ab1-ed077e4cc02d",
              "isHook": false,
              "skipped": false
            }
          ],
          "suites": [],
          "passes": [
            "7d257c99-8702-4a98-a216-962867a9116a"
          ],
          "failures": [],
          "pending": [],
          "skipped": [],
          "duration": 5846,
          "root": false,
          "rootEmpty": false,
          "_timeout": 2000
        }
      ],
      "passes": [],
      "failures": [],
      "pending": [],
      "skipped": [],
      "duration": 0,
      "root": true,
      "rootEmpty": true,
      "_timeout": 2000
    }
  ],
  "meta": {
    "mocha": {
      "version": "7.0.1"
    },
    "mochawesome": {
      "options": {
        "quiet": false,
        "reportFilename": "mochawesome",
        "saveHtml": true,
        "saveJson": true,
        "consoleReporter": "spec",
        "useInlineDiffs": false,
        "code": true
      },
      "version": "7.1.3"
    },
    "marge": {
      "options": {
        "reportDir": "cypress/results",
        "overwrite": false,
        "html": true,
        "json": true
      },
      "version": "6.2.0"
    }
  }
}