{
  "stats": {
    "suites": 1,
    "tests": 1,
    "passes": 1,
    "pending": 0,
    "failures": 0,
    "start": "2024-01-27T19:38:35.957Z",
    "end": "2024-01-27T19:39:12.617Z",
    "duration": 36660,
    "testsRegistered": 1,
    "passPercent": 100,
    "pendingPercent": 0,
    "other": 0,
    "hasOther": false,
    "skipped": 0,
    "hasSkipped": false
  },
  "results": [
    {
      "uuid": "0c650033-a220-414a-865d-f80290009221",
      "title": "",
      "fullFile": "cypress\\e2e\\appActionsTest.cy.js",
      "file": "cypress\\e2e\\appActionsTest.cy.js",
      "beforeHooks": [],
      "afterHooks": [],
      "tests": [],
      "suites": [
        {
          "uuid": "5ea8e9f5-6c0c-49d6-8c47-e0ab1522cb50",
          "title": "Access My Account Panel, Add Product to the cart and complete the purchase ",
          "fullFile": "",
          "file": "",
          "beforeHooks": [],
          "afterHooks": [],
          "tests": [
            {
              "title": "should login with valid credentials, add validated product to the cart and complete the purchase",
              "fullTitle": "Access My Account Panel, Add Product to the cart and complete the purchase  should login with valid credentials, add validated product to the cart and complete the purchase",
              "timedOut": null,
              "duration": 36570,
              "state": "passed",
              "speed": "slow",
              "pass": true,
              "fail": false,
              "pending": false,
              "context": null,
              "code": "dashboardPage.siteTitle.should(\"be.visible\");\ndashboardPage.checkName.should(\"be.visible\");\ndashboardPage.mensage.should(\"be.visible\");\nproductsPage.productsSearch();\nproductsPage.productList.each(product => {\n  let productDetailsLink = product.attr('href');\n  let productTitle = product.attr('title');\n  cy.visit(productDetailsLink).then(() => {\n    productDetailsPage.breadcrumbProduct.should('include.text', productTitle);\n    productDetailsPage.productTitle.invoke('text').then(text => {\n      expect(text).to.be.equal(productTitle);\n    });\n    productDetailsPage.variations.find('[for]').should('have.length', 2).and('be.visible');\n  });\n});\ncy.addProducts('Sinbad Fitness Tank', 'L', 'Blue', 2);\ncy.get('.woocommerce-message').should('contain', '2 × “Sinbad Fitness Tank” foram adicionados no seu carrinho.');\ncy.get('.woocommerce-message > .button').click();\ncy.get('.checkout-button').click();\n_invoicing.default.editInvoicing();\ncy.get('#place_order').click();\ncy.get('.woocommerce-notice').contains('Obrigado. Seu pedido foi recebido.');\ncy.get('.woocommerce-order > :nth-child(3)').contains('Pagar em dinheiro na entrega.');",
              "err": {},
              "uuid": "2774cafb-c780-402e-9ff5-00c01b3beac0",
              "parentUUID": "5ea8e9f5-6c0c-49d6-8c47-e0ab1522cb50",
              "isHook": false,
              "skipped": false
            }
          ],
          "suites": [],
          "passes": [
            "2774cafb-c780-402e-9ff5-00c01b3beac0"
          ],
          "failures": [],
          "pending": [],
          "skipped": [],
          "duration": 36570,
          "root": false,
          "rootEmpty": false,
          "_timeout": 2000
        }
      ],
      "passes": [],
      "failures": [],
      "pending": [],
      "skipped": [],
      "duration": 0,
      "root": true,
      "rootEmpty": true,
      "_timeout": 2000
    }
  ],
  "meta": {
    "mocha": {
      "version": "7.0.1"
    },
    "mochawesome": {
      "options": {
        "quiet": false,
        "reportFilename": "mochawesome",
        "saveHtml": true,
        "saveJson": true,
        "consoleReporter": "spec",
        "useInlineDiffs": false,
        "code": true
      },
      "version": "7.1.3"
    },
    "marge": {
      "options": {
        "reportDir": "cypress/results",
        "overwrite": false,
        "html": true,
        "json": true
      },
      "version": "6.2.0"
    }
  }
}