{
  "stats": {
    "suites": 4,
    "tests": 4,
    "passes": 4,
    "pending": 0,
    "failures": 0,
    "testsRegistered": 4,
    "passPercent": 100,
    "pendingPercent": 0,
    "other": 0,
    "hasOther": false,
    "skipped": 0,
    "hasSkipped": false,
    "start": "2024-01-27T19:38:35.957Z",
    "end": "2024-01-27T19:39:43.395Z",
    "duration": 67438
  },
  "results": [
    {
      "uuid": "7c9df72e-4b63-4683-a933-0a5620ef3752",
      "title": "",
      "fullFile": "cypress\\e2e\\bddTest.cy.js",
      "file": "cypress\\e2e\\bddTest.cy.js",
      "beforeHooks": [],
      "afterHooks": [],
      "tests": [],
      "suites": [
        {
          "uuid": "5952a66c-521a-413e-a43e-c56711c13c7a",
          "title": "Access My Account Panel",
          "fullFile": "",
          "file": "",
          "beforeHooks": [],
          "afterHooks": [],
          "tests": [],
          "suites": [
            {
              "uuid": "9ffb564d-4af0-46f7-9a61-092171d6fd29",
              "title": "Given I visit EBAC Store",
              "fullFile": "",
              "file": "",
              "beforeHooks": [],
              "afterHooks": [],
              "tests": [],
              "suites": [
                {
                  "uuid": "56f7ae40-3a2e-4749-9338-9990161abb73",
                  "title": "When I log in with user teste_aluno_cbs@teste.com and pass NYFtpQy3V7Qyg5@",
                  "fullFile": "",
                  "file": "",
                  "beforeHooks": [],
                  "afterHooks": [],
                  "tests": [
                    {
                      "title": "Then the user dashboard page should be visible",
                      "fullTitle": "Access My Account Panel Given I visit EBAC Store When I log in with user teste_aluno_cbs@teste.com and pass NYFtpQy3V7Qyg5@ Then the user dashboard page should be visible",
                      "timedOut": null,
                      "duration": 5916,
                      "state": "passed",
                      "speed": "medium",
                      "pass": true,
                      "fail": false,
                      "pending": false,
                      "context": null,
                      "code": "dashboardPage.siteTitle.should(\"be.visible\");\ndashboardPage.checkName.should(\"be.visible\");\ndashboardPage.mensage.should(\"be.visible\");",
                      "err": {},
                      "uuid": "c90c09e5-79bc-4806-ac9e-d37be9b7e4e6",
                      "parentUUID": "56f7ae40-3a2e-4749-9338-9990161abb73",
                      "isHook": false,
                      "skipped": false
                    }
                  ],
                  "suites": [],
                  "passes": [
                    "c90c09e5-79bc-4806-ac9e-d37be9b7e4e6"
                  ],
                  "failures": [],
                  "pending": [],
                  "skipped": [],
                  "duration": 5916,
                  "root": false,
                  "rootEmpty": false,
                  "_timeout": 2000
                }
              ],
              "passes": [],
              "failures": [],
              "pending": [],
              "skipped": [],
              "duration": 0,
              "root": false,
              "rootEmpty": false,
              "_timeout": 2000
            }
          ],
          "passes": [],
          "failures": [],
          "pending": [],
          "skipped": [],
          "duration": 0,
          "root": false,
          "rootEmpty": false,
          "_timeout": 2000
        }
      ],
      "passes": [],
      "failures": [],
      "pending": [],
      "skipped": [],
      "duration": 0,
      "root": true,
      "rootEmpty": true,
      "_timeout": 2000
    },
    {
      "uuid": "b9c2d850-492b-4a3f-969e-792aedb5ed38",
      "title": "",
      "fullFile": "cypress\\e2e\\interceptTest.cy.js",
      "file": "cypress\\e2e\\interceptTest.cy.js",
      "beforeHooks": [],
      "afterHooks": [],
      "tests": [],
      "suites": [
        {
          "uuid": "44161baa-a0da-4235-ac65-a5bf1cb21aa2",
          "title": "Add product, remove and update items in the shopping cart",
          "fullFile": "",
          "file": "",
          "beforeHooks": [],
          "afterHooks": [],
          "tests": [
            {
              "title": "autocomplete product item and added to shopping cart should be returned correctly, then update the same by reducing the items and then remove the products",
              "fullTitle": "Add product, remove and update items in the shopping cart autocomplete product item and added to shopping cart should be returned correctly, then update the same by reducing the items and then remove the products",
              "timedOut": null,
              "duration": 7967,
              "state": "passed",
              "speed": "medium",
              "pass": true,
              "fail": false,
              "pending": false,
              "context": null,
              "code": "_pages.homePage.searchMagnifier();\n_pages.productSearchPage.search('Sinbad');\n_pages.productSearchPage.productList.first().should('have.attr', 'title', 'Sinbad Fitness Tank');\ncy.addProductIntercept('L', 'Blue', 3);\ncy.get('.woocommerce-message').should('contain', '3 × “Sinbad Fitness Tank” foram adicionados no seu carrinho.');\ncy.get('.woocommerce-message > .button').click();\n_pages.updateCart.cartUpdate();\n_pages.removeProduct.productRemove();",
              "err": {},
              "uuid": "fbf84599-ecc6-4b69-9a1f-2a1bb77b33ed",
              "parentUUID": "44161baa-a0da-4235-ac65-a5bf1cb21aa2",
              "isHook": false,
              "skipped": false
            }
          ],
          "suites": [],
          "passes": [
            "fbf84599-ecc6-4b69-9a1f-2a1bb77b33ed"
          ],
          "failures": [],
          "pending": [],
          "skipped": [],
          "duration": 7967,
          "root": false,
          "rootEmpty": false,
          "_timeout": 2000
        }
      ],
      "passes": [],
      "failures": [],
      "pending": [],
      "skipped": [],
      "duration": 0,
      "root": true,
      "rootEmpty": true,
      "_timeout": 2000
    },
    {
      "uuid": "d2acccd6-8bd5-4ee6-934d-2c1dfdf0b880",
      "title": "",
      "fullFile": "cypress\\e2e\\pageObjectsTest.cy.js",
      "file": "cypress\\e2e\\pageObjectsTest.cy.js",
      "beforeHooks": [],
      "afterHooks": [],
      "tests": [],
      "suites": [
        {
          "uuid": "e9da8a9b-d7f5-416b-9ab1-ed077e4cc02d",
          "title": "Create account",
          "fullFile": "",
          "file": "",
          "beforeHooks": [],
          "afterHooks": [],
          "tests": [
            {
              "title": "should create account",
              "fullTitle": "Create account should create account",
              "timedOut": null,
              "duration": 5846,
              "state": "passed",
              "speed": "medium",
              "pass": true,
              "fail": false,
              "pending": false,
              "context": null,
              "code": "let emailFaker = faker.internet.email();\nlet passFaker = faker.internet.password();\ncy.get('.icon-user-unfollow').click();\nregisterPage.create(emailFaker, passFaker);\ndashboardPage.siteTitle.should(\"be.visible\");\ndashboardPage.checkName.should(\"be.visible\");\ndashboardPage.mensage.should(\"be.visible\");",
              "err": {},
              "uuid": "7d257c99-8702-4a98-a216-962867a9116a",
              "parentUUID": "e9da8a9b-d7f5-416b-9ab1-ed077e4cc02d",
              "isHook": false,
              "skipped": false
            }
          ],
          "suites": [],
          "passes": [
            "7d257c99-8702-4a98-a216-962867a9116a"
          ],
          "failures": [],
          "pending": [],
          "skipped": [],
          "duration": 5846,
          "root": false,
          "rootEmpty": false,
          "_timeout": 2000
        }
      ],
      "passes": [],
      "failures": [],
      "pending": [],
      "skipped": [],
      "duration": 0,
      "root": true,
      "rootEmpty": true,
      "_timeout": 2000
    },
    {
      "uuid": "0c650033-a220-414a-865d-f80290009221",
      "title": "",
      "fullFile": "cypress\\e2e\\appActionsTest.cy.js",
      "file": "cypress\\e2e\\appActionsTest.cy.js",
      "beforeHooks": [],
      "afterHooks": [],
      "tests": [],
      "suites": [
        {
          "uuid": "5ea8e9f5-6c0c-49d6-8c47-e0ab1522cb50",
          "title": "Access My Account Panel, Add Product to the cart and complete the purchase ",
          "fullFile": "",
          "file": "",
          "beforeHooks": [],
          "afterHooks": [],
          "tests": [
            {
              "title": "should login with valid credentials, add validated product to the cart and complete the purchase",
              "fullTitle": "Access My Account Panel, Add Product to the cart and complete the purchase  should login with valid credentials, add validated product to the cart and complete the purchase",
              "timedOut": null,
              "duration": 36570,
              "state": "passed",
              "speed": "slow",
              "pass": true,
              "fail": false,
              "pending": false,
              "context": null,
              "code": "dashboardPage.siteTitle.should(\"be.visible\");\ndashboardPage.checkName.should(\"be.visible\");\ndashboardPage.mensage.should(\"be.visible\");\nproductsPage.productsSearch();\nproductsPage.productList.each(product => {\n  let productDetailsLink = product.attr('href');\n  let productTitle = product.attr('title');\n  cy.visit(productDetailsLink).then(() => {\n    productDetailsPage.breadcrumbProduct.should('include.text', productTitle);\n    productDetailsPage.productTitle.invoke('text').then(text => {\n      expect(text).to.be.equal(productTitle);\n    });\n    productDetailsPage.variations.find('[for]').should('have.length', 2).and('be.visible');\n  });\n});\ncy.addProducts('Sinbad Fitness Tank', 'L', 'Blue', 2);\ncy.get('.woocommerce-message').should('contain', '2 × “Sinbad Fitness Tank” foram adicionados no seu carrinho.');\ncy.get('.woocommerce-message > .button').click();\ncy.get('.checkout-button').click();\n_invoicing.default.editInvoicing();\ncy.get('#place_order').click();\ncy.get('.woocommerce-notice').contains('Obrigado. Seu pedido foi recebido.');\ncy.get('.woocommerce-order > :nth-child(3)').contains('Pagar em dinheiro na entrega.');",
              "err": {},
              "uuid": "2774cafb-c780-402e-9ff5-00c01b3beac0",
              "parentUUID": "5ea8e9f5-6c0c-49d6-8c47-e0ab1522cb50",
              "isHook": false,
              "skipped": false
            }
          ],
          "suites": [],
          "passes": [
            "2774cafb-c780-402e-9ff5-00c01b3beac0"
          ],
          "failures": [],
          "pending": [],
          "skipped": [],
          "duration": 36570,
          "root": false,
          "rootEmpty": false,
          "_timeout": 2000
        }
      ],
      "passes": [],
      "failures": [],
      "pending": [],
      "skipped": [],
      "duration": 0,
      "root": true,
      "rootEmpty": true,
      "_timeout": 2000
    }
  ],
  "meta": {
    "mocha": {
      "version": "7.0.1"
    },
    "mochawesome": {
      "options": {
        "quiet": false,
        "reportFilename": "mochawesome",
        "saveHtml": true,
        "saveJson": true,
        "consoleReporter": "spec",
        "useInlineDiffs": false,
        "code": true
      },
      "version": "7.1.3"
    },
    "marge": {
      "options": {
        "reportDir": "cypress/results",
        "overwrite": false,
        "html": true,
        "json": true
      },
      "version": "6.2.0"
    }
  }
}