{
  "stats": {
    "suites": 1,
    "tests": 1,
    "passes": 1,
    "pending": 0,
    "failures": 0,
    "start": "2024-02-05T14:31:14.315Z",
    "end": "2024-02-05T14:31:20.678Z",
    "duration": 6363,
    "testsRegistered": 1,
    "passPercent": 100,
    "pendingPercent": 0,
    "other": 0,
    "hasOther": false,
    "skipped": 0,
    "hasSkipped": false
  },
  "results": [
    {
      "uuid": "6b5d9163-6e54-4bc6-98d0-8daf8b9fe48d",
      "title": "",
      "fullFile": "cypress\\e2e\\pageObjectsTest.cy.js",
      "file": "cypress\\e2e\\pageObjectsTest.cy.js",
      "beforeHooks": [],
      "afterHooks": [],
      "tests": [],
      "suites": [
        {
          "uuid": "ca9ebb84-f61f-4828-a5e9-5d64aa69a495",
          "title": "Create account",
          "fullFile": "",
          "file": "",
          "beforeHooks": [],
          "afterHooks": [],
          "tests": [
            {
              "title": "should create account",
              "fullTitle": "Create account should create account",
              "timedOut": null,
              "duration": 6309,
              "state": "passed",
              "speed": "medium",
              "pass": true,
              "fail": false,
              "pending": false,
              "context": null,
              "code": "let emailFaker = faker.internet.email();\nlet passFaker = faker.internet.password();\ncy.get('.icon-user-unfollow').click();\nregisterPage.create(emailFaker, passFaker);\ndashboardPage.siteTitle.should(\"be.visible\");\ndashboardPage.checkName.should(\"be.visible\");\ndashboardPage.mensage.should(\"be.visible\");",
              "err": {},
              "uuid": "af6dda05-b8f4-4546-b0f1-c1844c1c046a",
              "parentUUID": "ca9ebb84-f61f-4828-a5e9-5d64aa69a495",
              "isHook": false,
              "skipped": false
            }
          ],
          "suites": [],
          "passes": [
            "af6dda05-b8f4-4546-b0f1-c1844c1c046a"
          ],
          "failures": [],
          "pending": [],
          "skipped": [],
          "duration": 6309,
          "root": false,
          "rootEmpty": false,
          "_timeout": 2000
        }
      ],
      "passes": [],
      "failures": [],
      "pending": [],
      "skipped": [],
      "duration": 0,
      "root": true,
      "rootEmpty": true,
      "_timeout": 2000
    }
  ],
  "meta": {
    "mocha": {
      "version": "7.0.1"
    },
    "mochawesome": {
      "options": {
        "quiet": false,
        "reportFilename": "mochawesome",
        "saveHtml": false,
        "saveJson": true,
        "consoleReporter": "spec",
        "useInlineDiffs": false,
        "code": true
      },
      "version": "7.1.3"
    },
    "marge": {
      "options": {
        "reportDir": "mochawesome-report",
        "overwrite": false,
        "html": false,
        "json": true
      },
      "version": "6.2.0"
    }
  }
}